<?xml version="1.0" encoding="UTF-8"?>
<!-- Generated by org.testng.reporters.JUnitReportReporter -->
<testsuite hostname="DESKTOP-M6L6L48" failures="0" tests="1" name="com.rll.test.UserTesting" time="13.515" errors="0" timestamp="2022-10-21T10:39:49 IST" skipped="0">
  <testcase classname="com.rll.test.UserTesting" name="User" time="13.515"/>
  <system-out/>
</testsuite> <!-- com.rll.test.UserTesting -->
