<?xml version="1.0" encoding="UTF-8"?>
<!-- Generated by org.testng.reporters.JUnitReportReporter -->
<testsuite hostname="DESKTOP-M6L6L48" failures="0" tests="1" name="com.rll.test.AddCartTesting" time="10.520" errors="0" timestamp="2022-10-21T10:17:48 IST" skipped="0">
  <testcase classname="com.rll.test.AddCartTesting" name="XCart" time="10.520"/>
  <system-out/>
</testsuite> <!-- com.rll.test.AddCartTesting -->
